<?xml version="1.0" encoding="UTF-8"?>
<!-- Generated by org.testng.reporters.JUnitXMLReporter -->
<testsuite hostname="SRINI-LAPTOP" ignored="0" name="Test" tests="9" failures="0" timestamp="2020-11-26T12:23:36 PST" time="0.11" errors="0">
  <testcase name="tc004" time="0.013" classname="com.TestNG.ParallelExcution1"/>
  <testcase name="tc001" time="0.014" classname="com.TestNG.ParallelExcution"/>
  <testcase name="tc005" time="0.002" classname="com.TestNG.ParallelExcution1"/>
  <testcase name="tc002" time="0.002" classname="com.TestNG.ParallelExcution"/>
  <testcase name="tc003" time="0.003" classname="com.TestNG.ParallelExcution"/>
  <testcase name="tc006" time="0.003" classname="com.TestNG.ParallelExcution1"/>
  <testcase name="tc007" time="0.003" classname="com.TestNG.ParallelExcution2"/>
  <testcase name="tc008" time="0.006" classname="com.TestNG.ParallelExcution2"/>
  <testcase name="tc009" time="0.002" classname="com.TestNG.ParallelExcution2"/>
</testsuite> <!-- Test -->
