<?xml version="1.0" encoding="UTF-8"?>
<!-- Generated by org.testng.reporters.JUnitXMLReporter -->
<testsuite hostname="SRINI-LAPTOP" ignored="1" name="Test" tests="2" failures="0" timestamp="2020-11-30T22:27:58 PST" time="0.088" errors="0">
  <testcase name="tc001" time="0.013" classname="com.TestNG.DependsOnGroups"/>
  <testcase name="tc002" time="0.002" classname="com.TestNG.DependsOnGroups"/>
  <testcase name="tc003" time="0.0" classname="com.TestNG.DependsOnGroups">
    <ignored/>
  </testcase> <!-- tc003 -->
</testsuite> <!-- Test -->
