<?xml version="1.0" encoding="UTF-8"?>
<testng-results skipped="0" failed="0" ignored="0" total="1" passed="1">
  <reporter-output>
  </reporter-output>
  <suite name="Default suite" duration-ms="15647" started-at="2020-12-07T10:35:54 PST" finished-at="2020-12-07T10:36:10 PST">
    <groups>
    </groups>
    <test name="Default test" duration-ms="15647" started-at="2020-12-07T10:35:54 PST" finished-at="2020-12-07T10:36:10 PST">
      <class name="com.testCases.FacebookLoginTest">
        <test-method status="PASS" signature="stratUp()[pri:0, instance:com.testCases.FacebookLoginTest@549621f3]" name="stratUp" is-config="true" duration-ms="13928" started-at="2020-12-07T10:35:54 PST" finished-at="2020-12-07T10:36:08 PST">
          <reporter-output>
          </reporter-output>
        </test-method> <!-- stratUp -->
        <test-method status="PASS" signature="login()[pri:0, instance:com.testCases.FacebookLoginTest@549621f3]" name="login" duration-ms="475" started-at="2020-12-07T10:36:08 PST" finished-at="2020-12-07T10:36:09 PST">
          <reporter-output>
          </reporter-output>
        </test-method> <!-- login -->
        <test-method status="PASS" signature="close()[pri:0, instance:com.testCases.FacebookLoginTest@549621f3]" name="close" is-config="true" duration-ms="629" started-at="2020-12-07T10:36:09 PST" finished-at="2020-12-07T10:36:10 PST">
          <reporter-output>
          </reporter-output>
        </test-method> <!-- close -->
      </class> <!-- com.testCases.FacebookLoginTest -->
    </test> <!-- Default test -->
  </suite> <!-- Default suite -->
</testng-results>
