<?xml version="1.0" encoding="UTF-8"?>
<!-- Generated by org.testng.reporters.JUnitXMLReporter -->
<testsuite hostname="SRINI-LAPTOP" ignored="0" name="Default test" tests="3" failures="0" timestamp="2020-11-30T22:25:07 PST" time="0.088" errors="0">
  <testcase name="tc001" time="0.014" classname="com.TestNG.DependsOnGroups"/>
  <testcase name="tc002" time="0.001" classname="com.TestNG.DependsOnGroups"/>
  <testcase name="tc003" time="0.003" classname="com.TestNG.DependsOnGroups"/>
</testsuite> <!-- Default test -->
