<?xml version="1.0" encoding="UTF-8"?>
<!-- Generated by org.testng.reporters.JUnitXMLReporter -->
<testsuite hostname="SRINI-LAPTOP" ignored="0" name="Default test" tests="6" failures="0" timestamp="2020-11-27T15:21:09 PST" time="22.639" errors="0">
  <testcase name="verifyTitle" time="0.015" classname="com.TestNG.FlipkartSearchProduct"/>
  <testcase name="search" time="2.191" classname="com.TestNG.FlipkartSearchProduct"/>
  <testcase name="selectProduct" time="3.086" classname="com.TestNG.FlipkartSearchProduct"/>
  <testcase name="addProduct" time="3.159" classname="com.TestNG.FlipkartSearchProduct"/>
  <testcase name="assertProduct" time="0.051" classname="com.TestNG.FlipkartSearchProduct"/>
  <testcase name="assertPrice" time="3.083" classname="com.TestNG.FlipkartSearchProduct"/>
</testsuite> <!-- Default test -->
